Incoming Request - Path: /system_usage, Method: GET, Data Size: 0 bytes
Outgoing Response - Path: /system_usage, Method: GET, Status: 200, Data Size: 156 bytes
Incoming Request - Path: /system_usage, Method: GET, Data Size: 0 bytes
Outgoing Response - Path: /system_usage, Method: GET, Status: 200, Data Size: 155 bytes
Incoming Request - Path: /system_usage, Method: GET, Data Size: 0 bytes
Outgoing Response - Path: /system_usage, Method: GET, Status: 200, Data Size: 155 bytes
Incoming Request - Path: /system_usage, Method: GET, Data Size: 0 bytes
Outgoing Response - Path: /system_usage, Method: GET, Status: 200, Data Size: 155 bytes
Incoming Request - Path: /admin/git_pull, Method: POST, Data Size: 0 bytes
Outgoing Response - Path: /admin/git_pull, Method: POST, Status: 200, Data Size: 59 bytes
Incoming Request - Path: /system_usage, Method: GET, Data Size: 0 bytes
Outgoing Response - Path: /system_usage, Method: GET, Status: 200, Data Size: 155 bytes
Incoming Request - Path: /system_usage, Method: GET, Data Size: 0 bytes
Outgoing Response - Path: /system_usage, Method: GET, Status: 200, Data Size: 155 bytes
Incoming Request - Path: /system_usage, Method: GET, Data Size: 0 bytes
Outgoing Response - Path: /system_usage, Method: GET, Status: 200, Data Size: 155 bytes
Incoming Request - Path: /system_usage, Method: GET, Data Size: 0 bytes
Outgoing Response - Path: /system_usage, Method: GET, Status: 200, Data Size: 155 bytes
Incoming Request - Path: /system_usage, Method: GET, Data Size: 0 bytes
Outgoing Response - Path: /system_usage, Method: GET, Status: 200, Data Size: 155 bytes
Incoming Request - Path: /system_usage, Method: GET, Data Size: 0 bytes
Outgoing Response - Path: /system_usage, Method: GET, Status: 200, Data Size: 155 bytes
Incoming Request - Path: /system_usage, Method: GET, Data Size: 0 bytes
Outgoing Response - Path: /system_usage, Method: GET, Status: 200, Data Size: 155 bytes
Incoming Request - Path: /system_usage, Method: GET, Data Size: 0 bytes
Outgoing Response - Path: /system_usage, Method: GET, Status: 200, Data Size: 156 bytes
Incoming Request - Path: /system_usage, Method: GET, Data Size: 0 bytes
Outgoing Response - Path: /system_usage, Method: GET, Status: 200, Data Size: 156 bytes
Incoming Request - Path: /system_usage, Method: GET, Data Size: 0 bytes
Outgoing Response - Path: /system_usage, Method: GET, Status: 200, Data Size: 155 bytes
Incoming Request - Path: /system_usage, Method: GET, Data Size: 0 bytes
Outgoing Response - Path: /system_usage, Method: GET, Status: 200, Data Size: 155 bytes
Incoming Request - Path: /system_usage, Method: GET, Data Size: 0 bytes
Outgoing Response - Path: /system_usage, Method: GET, Status: 200, Data Size: 156 bytes
Incoming Request - Path: /system_usage, Method: GET, Data Size: 0 bytes
Outgoing Response - Path: /system_usage, Method: GET, Status: 200, Data Size: 156 bytes
Incoming Request - Path: /system_usage, Method: GET, Data Size: 0 bytes
Incoming Request - Path: /admin, Method: GET, Data Size: 0 bytes
Outgoing Response - Path: /admin, Method: GET, Status: 200, Data Size: 8198 bytes
Incoming Request - Path: /static/css/styles.css, Method: GET, Data Size: 0 bytes
Outgoing Response - Path: /static/css/styles.css, Method: GET, Status: 404, Data Size: 207 bytes
Incoming Request - Path: /system_usage, Method: GET, Data Size: 0 bytes
Outgoing Response - Path: /system_usage, Method: GET, Status: 200, Data Size: 155 bytes
Incoming Request - Path: /admin/logs, Method: GET, Data Size: 0 bytes
Outgoing Response - Path: /admin/logs, Method: GET, Status: 200, Data Size: 74917 bytes
Incoming Request - Path: /static/css/styles.css, Method: GET, Data Size: 0 bytes
Outgoing Response - Path: /static/css/styles.css, Method: GET, Status: 404, Data Size: 207 bytes
Incoming Request - Path: /admin, Method: GET, Data Size: 0 bytes
Outgoing Response - Path: /admin, Method: GET, Status: 200, Data Size: 8198 bytes
Incoming Request - Path: /static/css/styles.css, Method: GET, Data Size: 0 bytes
Outgoing Response - Path: /static/css/styles.css, Method: GET, Status: 404, Data Size: 207 bytes
Incoming Request - Path: /system_usage, Method: GET, Data Size: 0 bytes
Outgoing Response - Path: /system_usage, Method: GET, Status: 200, Data Size: 155 bytes
Incoming Request - Path: /view_cam, Method: GET, Data Size: 0 bytes
Outgoing Response - Path: /view_cam, Method: GET, Status: 200, Data Size: 774 bytes
Incoming Request - Path: /static/css/styles.css, Method: GET, Data Size: 0 bytes
Outgoing Response - Path: /static/css/styles.css, Method: GET, Status: 404, Data Size: 207 bytes
Incoming Request - Path: /video_feed, Method: GET, Data Size: 0 bytes
Incoming Request - Path: /admin, Method: GET, Data Size: 0 bytes
Outgoing Response - Path: /admin, Method: GET, Status: 200, Data Size: 8198 bytes
Incoming Request - Path: /static/css/styles.css, Method: GET, Data Size: 0 bytes
Outgoing Response - Path: /static/css/styles.css, Method: GET, Status: 404, Data Size: 207 bytes
Incoming Request - Path: /system_usage, Method: GET, Data Size: 0 bytes
Outgoing Response - Path: /system_usage, Method: GET, Status: 200, Data Size: 156 bytes
Incoming Request - Path: /view_cam, Method: GET, Data Size: 0 bytes
Outgoing Response - Path: /view_cam, Method: GET, Status: 200, Data Size: 774 bytes
Incoming Request - Path: /static/css/styles.css, Method: GET, Data Size: 0 bytes
Outgoing Response - Path: /static/css/styles.css, Method: GET, Status: 404, Data Size: 207 bytes
Incoming Request - Path: /video_feed, Method: GET, Data Size: 0 bytes
Outgoing Response - Path: /video_feed, Method: GET, Status: 200, Data Size: 0 bytes
Incoming Request - Path: /admin, Method: GET, Data Size: 0 bytes
Outgoing Response - Path: /admin, Method: GET, Status: 200, Data Size: 8198 bytes
Incoming Request - Path: /static/css/styles.css, Method: GET, Data Size: 0 bytes
Outgoing Response - Path: /static/css/styles.css, Method: GET, Status: 404, Data Size: 207 bytes
Incoming Request - Path: /system_usage, Method: GET, Data Size: 0 bytes
Outgoing Response - Path: /system_usage, Method: GET, Status: 200, Data Size: 156 bytes
Incoming Request - Path: /admin/logs, Method: GET, Data Size: 0 bytes
Outgoing Response - Path: /admin/logs, Method: GET, Status: 200, Data Size: 77548 bytes
Incoming Request - Path: /static/css/styles.css, Method: GET, Data Size: 0 bytes
Outgoing Response - Path: /static/css/styles.css, Method: GET, Status: 404, Data Size: 207 bytes
Incoming Request - Path: /admin/clear_logs, Method: POST, Data Size: 0 bytes
Outgoing Response - Path: /admin/clear_logs, Method: POST, Status: 302, Data Size: 209 bytes
Incoming Request - Path: /admin/logs, Method: GET, Data Size: 0 bytes
Outgoing Response - Path: /admin/logs, Method: GET, Status: 200, Data Size: 1589 bytes
Incoming Request - Path: /static/css/styles.css, Method: GET, Data Size: 0 bytes
Outgoing Response - Path: /static/css/styles.css, Method: GET, Status: 404, Data Size: 207 bytes
Incoming Request - Path: /admin, Method: GET, Data Size: 0 bytes
Outgoing Response - Path: /admin, Method: GET, Status: 200, Data Size: 8198 bytes
Incoming Request - Path: /static/css/styles.css, Method: GET, Data Size: 0 bytes
Outgoing Response - Path: /static/css/styles.css, Method: GET, Status: 404, Data Size: 207 bytes
Incoming Request - Path: /system_usage, Method: GET, Data Size: 0 bytes
Incoming Request - Path: /view_cam, Method: GET, Data Size: 0 bytes
Outgoing Response - Path: /view_cam, Method: GET, Status: 200, Data Size: 774 bytes
Incoming Request - Path: /static/css/styles.css, Method: GET, Data Size: 0 bytes
Outgoing Response - Path: /static/css/styles.css, Method: GET, Status: 404, Data Size: 207 bytes
Incoming Request - Path: /video_feed, Method: GET, Data Size: 0 bytes
Outgoing Response - Path: /video_feed, Method: GET, Status: 200, Data Size: 0 bytes
Outgoing Response - Path: /system_usage, Method: GET, Status: 200, Data Size: 156 bytes
Incoming Request - Path: /admin, Method: GET, Data Size: 0 bytes
Outgoing Response - Path: /admin, Method: GET, Status: 200, Data Size: 8198 bytes
Incoming Request - Path: /static/css/styles.css, Method: GET, Data Size: 0 bytes
Outgoing Response - Path: /static/css/styles.css, Method: GET, Status: 404, Data Size: 207 bytes
Incoming Request - Path: /system_usage, Method: GET, Data Size: 0 bytes
Outgoing Response - Path: /system_usage, Method: GET, Status: 200, Data Size: 156 bytes
Incoming Request - Path: /system_usage, Method: GET, Data Size: 0 bytes
Outgoing Response - Path: /system_usage, Method: GET, Status: 200, Data Size: 156 bytes
Incoming Request - Path: /system_usage, Method: GET, Data Size: 0 bytes
Outgoing Response - Path: /system_usage, Method: GET, Status: 200, Data Size: 156 bytes
Incoming Request - Path: /system_usage, Method: GET, Data Size: 0 bytes
Outgoing Response - Path: /system_usage, Method: GET, Status: 200, Data Size: 156 bytes
Incoming Request - Path: /system_usage, Method: GET, Data Size: 0 bytes
Outgoing Response - Path: /system_usage, Method: GET, Status: 200, Data Size: 156 bytes
Incoming Request - Path: /system_usage, Method: GET, Data Size: 0 bytes
Outgoing Response - Path: /system_usage, Method: GET, Status: 200, Data Size: 156 bytes
Incoming Request - Path: /system_usage, Method: GET, Data Size: 0 bytes
Outgoing Response - Path: /system_usage, Method: GET, Status: 200, Data Size: 156 bytes
Incoming Request - Path: /system_usage, Method: GET, Data Size: 0 bytes
Outgoing Response - Path: /system_usage, Method: GET, Status: 200, Data Size: 156 bytes
Incoming Request - Path: /system_usage, Method: GET, Data Size: 0 bytes
Outgoing Response - Path: /system_usage, Method: GET, Status: 200, Data Size: 156 bytes
Incoming Request - Path: /system_usage, Method: GET, Data Size: 0 bytes
Outgoing Response - Path: /system_usage, Method: GET, Status: 200, Data Size: 156 bytes
Incoming Request - Path: /system_usage, Method: GET, Data Size: 0 bytes
Outgoing Response - Path: /system_usage, Method: GET, Status: 200, Data Size: 156 bytes
Incoming Request - Path: /system_usage, Method: GET, Data Size: 0 bytes
Outgoing Response - Path: /system_usage, Method: GET, Status: 200, Data Size: 156 bytes
Incoming Request - Path: /system_usage, Method: GET, Data Size: 0 bytes
Outgoing Response - Path: /system_usage, Method: GET, Status: 200, Data Size: 156 bytes
Incoming Request - Path: /system_usage, Method: GET, Data Size: 0 bytes
Outgoing Response - Path: /system_usage, Method: GET, Status: 200, Data Size: 156 bytes
Incoming Request - Path: /system_usage, Method: GET, Data Size: 0 bytes
Outgoing Response - Path: /system_usage, Method: GET, Status: 200, Data Size: 156 bytes
Incoming Request - Path: /system_usage, Method: GET, Data Size: 0 bytes
Outgoing Response - Path: /system_usage, Method: GET, Status: 200, Data Size: 156 bytes
Incoming Request - Path: /system_usage, Method: GET, Data Size: 0 bytes
Outgoing Response - Path: /system_usage, Method: GET, Status: 200, Data Size: 156 bytes
Incoming Request - Path: /system_usage, Method: GET, Data Size: 0 bytes
Outgoing Response - Path: /system_usage, Method: GET, Status: 200, Data Size: 156 bytes
Incoming Request - Path: /system_usage, Method: GET, Data Size: 0 bytes
Outgoing Response - Path: /system_usage, Method: GET, Status: 200, Data Size: 156 bytes
Incoming Request - Path: /system_usage, Method: GET, Data Size: 0 bytes
Outgoing Response - Path: /system_usage, Method: GET, Status: 200, Data Size: 156 bytes
Incoming Request - Path: /system_usage, Method: GET, Data Size: 0 bytes
Outgoing Response - Path: /system_usage, Method: GET, Status: 200, Data Size: 156 bytes
Incoming Request - Path: /system_usage, Method: GET, Data Size: 0 bytes
Outgoing Response - Path: /system_usage, Method: GET, Status: 200, Data Size: 156 bytes
Incoming Request - Path: /system_usage, Method: GET, Data Size: 0 bytes
Outgoing Response - Path: /system_usage, Method: GET, Status: 200, Data Size: 156 bytes
Incoming Request - Path: /system_usage, Method: GET, Data Size: 0 bytes
Outgoing Response - Path: /system_usage, Method: GET, Status: 200, Data Size: 156 bytes
Incoming Request - Path: /system_usage, Method: GET, Data Size: 0 bytes
Outgoing Response - Path: /system_usage, Method: GET, Status: 200, Data Size: 156 bytes
Incoming Request - Path: /system_usage, Method: GET, Data Size: 0 bytes
Outgoing Response - Path: /system_usage, Method: GET, Status: 200, Data Size: 156 bytes
Incoming Request - Path: /system_usage, Method: GET, Data Size: 0 bytes
Outgoing Response - Path: /system_usage, Method: GET, Status: 200, Data Size: 156 bytes
Incoming Request - Path: /system_usage, Method: GET, Data Size: 0 bytes
Outgoing Response - Path: /system_usage, Method: GET, Status: 200, Data Size: 156 bytes
Incoming Request - Path: /system_usage, Method: GET, Data Size: 0 bytes
Outgoing Response - Path: /system_usage, Method: GET, Status: 200, Data Size: 156 bytes
Incoming Request - Path: /system_usage, Method: GET, Data Size: 0 bytes
Outgoing Response - Path: /system_usage, Method: GET, Status: 200, Data Size: 156 bytes
Incoming Request - Path: /system_usage, Method: GET, Data Size: 0 bytes
Outgoing Response - Path: /system_usage, Method: GET, Status: 200, Data Size: 156 bytes
Incoming Request - Path: /view_cam, Method: GET, Data Size: 0 bytes
Outgoing Response - Path: /view_cam, Method: GET, Status: 200, Data Size: 774 bytes
Incoming Request - Path: /video_feed, Method: GET, Data Size: 0 bytes
Incoming Request - Path: /static/css/styles.css, Method: GET, Data Size: 0 bytes
Incoming Request - Path: /system_usage, Method: GET, Data Size: 0 bytes
Outgoing Response - Path: /static/css/styles.css, Method: GET, Status: 404, Data Size: 207 bytes
Outgoing Response - Path: /video_feed, Method: GET, Status: 200, Data Size: 0 bytes
Outgoing Response - Path: /system_usage, Method: GET, Status: 200, Data Size: 156 bytes
Incoming Request - Path: /admin, Method: GET, Data Size: 0 bytes
Outgoing Response - Path: /admin, Method: GET, Status: 200, Data Size: 8198 bytes
Incoming Request - Path: /static/css/styles.css, Method: GET, Data Size: 0 bytes
Outgoing Response - Path: /static/css/styles.css, Method: GET, Status: 404, Data Size: 207 bytes
Incoming Request - Path: /system_usage, Method: GET, Data Size: 0 bytes
Outgoing Response - Path: /system_usage, Method: GET, Status: 200, Data Size: 156 bytes
Incoming Request - Path: /system_usage, Method: GET, Data Size: 0 bytes
Outgoing Response - Path: /system_usage, Method: GET, Status: 200, Data Size: 156 bytes
Incoming Request - Path: /system_usage, Method: GET, Data Size: 0 bytes
Outgoing Response - Path: /system_usage, Method: GET, Status: 200, Data Size: 156 bytes
Incoming Request - Path: /system_usage, Method: GET, Data Size: 0 bytes
Outgoing Response - Path: /system_usage, Method: GET, Status: 200, Data Size: 156 bytes
Incoming Request - Path: /system_usage, Method: GET, Data Size: 0 bytes
Outgoing Response - Path: /system_usage, Method: GET, Status: 200, Data Size: 156 bytes
Incoming Request - Path: /system_usage, Method: GET, Data Size: 0 bytes
Outgoing Response - Path: /system_usage, Method: GET, Status: 200, Data Size: 156 bytes
Incoming Request - Path: /system_usage, Method: GET, Data Size: 0 bytes
Outgoing Response - Path: /system_usage, Method: GET, Status: 200, Data Size: 156 bytes
Incoming Request - Path: /system_usage, Method: GET, Data Size: 0 bytes
Outgoing Response - Path: /system_usage, Method: GET, Status: 200, Data Size: 156 bytes
Incoming Request - Path: /system_usage, Method: GET, Data Size: 0 bytes
Outgoing Response - Path: /system_usage, Method: GET, Status: 200, Data Size: 156 bytes
Incoming Request - Path: /system_usage, Method: GET, Data Size: 0 bytes
Outgoing Response - Path: /system_usage, Method: GET, Status: 200, Data Size: 156 bytes
Incoming Request - Path: /system_usage, Method: GET, Data Size: 0 bytes
Outgoing Response - Path: /system_usage, Method: GET, Status: 200, Data Size: 156 bytes
Incoming Request - Path: /system_usage, Method: GET, Data Size: 0 bytes
Outgoing Response - Path: /system_usage, Method: GET, Status: 200, Data Size: 156 bytes
Incoming Request - Path: /system_usage, Method: GET, Data Size: 0 bytes
Outgoing Response - Path: /system_usage, Method: GET, Status: 200, Data Size: 156 bytes
Incoming Request - Path: /system_usage, Method: GET, Data Size: 0 bytes
Outgoing Response - Path: /system_usage, Method: GET, Status: 200, Data Size: 156 bytes
Incoming Request - Path: /system_usage, Method: GET, Data Size: 0 bytes
Outgoing Response - Path: /system_usage, Method: GET, Status: 200, Data Size: 156 bytes
Incoming Request - Path: /system_usage, Method: GET, Data Size: 0 bytes
Incoming Request - Path: /system_usage, Method: GET, Data Size: 0 bytes
Outgoing Response - Path: /system_usage, Method: GET, Status: 200, Data Size: 156 bytes
Incoming Request - Path: /system_usage, Method: GET, Data Size: 0 bytes
Outgoing Response - Path: /system_usage, Method: GET, Status: 200, Data Size: 156 bytes
Incoming Request - Path: /system_usage, Method: GET, Data Size: 0 bytes
Outgoing Response - Path: /system_usage, Method: GET, Status: 200, Data Size: 156 bytes
Incoming Request - Path: /system_usage, Method: GET, Data Size: 0 bytes
Outgoing Response - Path: /system_usage, Method: GET, Status: 200, Data Size: 156 bytes
Incoming Request - Path: /system_usage, Method: GET, Data Size: 0 bytes
Outgoing Response - Path: /system_usage, Method: GET, Status: 200, Data Size: 155 bytes
Incoming Request - Path: /system_usage, Method: GET, Data Size: 0 bytes
Outgoing Response - Path: /system_usage, Method: GET, Status: 200, Data Size: 156 bytes
Incoming Request - Path: /admin, Method: GET, Data Size: 0 bytes
Incoming Request - Path: /system_usage, Method: GET, Data Size: 0 bytes
Outgoing Response - Path: /admin, Method: GET, Status: 200, Data Size: 8198 bytes
Outgoing Response - Path: /system_usage, Method: GET, Status: 200, Data Size: 155 bytes
Incoming Request - Path: /static/css/styles.css, Method: GET, Data Size: 0 bytes
Outgoing Response - Path: /static/css/styles.css, Method: GET, Status: 404, Data Size: 207 bytes
Incoming Request - Path: /system_usage, Method: GET, Data Size: 0 bytes
Outgoing Response - Path: /system_usage, Method: GET, Status: 200, Data Size: 155 bytes
Incoming Request - Path: /admin/logs, Method: GET, Data Size: 0 bytes
Outgoing Response - Path: /admin/logs, Method: GET, Status: 200, Data Size: 13666 bytes
Incoming Request - Path: /static/css/styles.css, Method: GET, Data Size: 0 bytes
Outgoing Response - Path: /static/css/styles.css, Method: GET, Status: 404, Data Size: 207 bytes
Incoming Request - Path: /admin, Method: GET, Data Size: 0 bytes
Outgoing Response - Path: /admin, Method: GET, Status: 200, Data Size: 8198 bytes
Incoming Request - Path: /static/css/styles.css, Method: GET, Data Size: 0 bytes
Outgoing Response - Path: /static/css/styles.css, Method: GET, Status: 404, Data Size: 207 bytes
Incoming Request - Path: /system_usage, Method: GET, Data Size: 0 bytes
Outgoing Response - Path: /system_usage, Method: GET, Status: 200, Data Size: 156 bytes
Incoming Request - Path: /view_cam, Method: GET, Data Size: 0 bytes
Outgoing Response - Path: /view_cam, Method: GET, Status: 200, Data Size: 774 bytes
Incoming Request - Path: /static/css/styles.css, Method: GET, Data Size: 0 bytes
Outgoing Response - Path: /static/css/styles.css, Method: GET, Status: 404, Data Size: 207 bytes
Incoming Request - Path: /video_feed, Method: GET, Data Size: 0 bytes
Incoming Request - Path: /admin, Method: GET, Data Size: 0 bytes
Outgoing Response - Path: /admin, Method: GET, Status: 200, Data Size: 8198 bytes
Incoming Request - Path: /static/css/styles.css, Method: GET, Data Size: 0 bytes
Outgoing Response - Path: /static/css/styles.css, Method: GET, Status: 404, Data Size: 207 bytes
Incoming Request - Path: /system_usage, Method: GET, Data Size: 0 bytes
Outgoing Response - Path: /system_usage, Method: GET, Status: 200, Data Size: 156 bytes
Incoming Request - Path: /system_usage, Method: GET, Data Size: 0 bytes
Outgoing Response - Path: /system_usage, Method: GET, Status: 200, Data Size: 156 bytes
Incoming Request - Path: /admin/git_pull, Method: POST, Data Size: 0 bytes
Outgoing Response - Path: /admin/git_pull, Method: POST, Status: 200, Data Size: 134 bytes
Incoming Request - Path: /system_usage, Method: GET, Data Size: 0 bytes
Incoming Request - Path: /admin, Method: GET, Data Size: 0 bytes
Outgoing Response - Path: /system_usage, Method: GET, Status: 200, Data Size: 156 bytes
Outgoing Response - Path: /admin, Method: GET, Status: 200, Data Size: 8198 bytes
Incoming Request - Path: /static/css/styles.css, Method: GET, Data Size: 0 bytes
Outgoing Response - Path: /static/css/styles.css, Method: GET, Status: 404, Data Size: 207 bytes
Incoming Request - Path: /system_usage, Method: GET, Data Size: 0 bytes
Outgoing Response - Path: /system_usage, Method: GET, Status: 200, Data Size: 156 bytes
Incoming Request - Path: /view_cam, Method: GET, Data Size: 0 bytes
Outgoing Response - Path: /view_cam, Method: GET, Status: 200, Data Size: 774 bytes
Incoming Request - Path: /static/css/styles.css, Method: GET, Data Size: 0 bytes
Outgoing Response - Path: /static/css/styles.css, Method: GET, Status: 404, Data Size: 207 bytes
Incoming Request - Path: /video_feed, Method: GET, Data Size: 0 bytes
Incoming Request - Path: /system_usage, Method: GET, Data Size: 0 bytes
Outgoing Response - Path: /system_usage, Method: GET, Status: 200, Data Size: 156 bytes
Incoming Request - Path: /system_usage, Method: GET, Data Size: 0 bytes
Incoming Request - Path: /view_cam, Method: GET, Data Size: 0 bytes
Outgoing Response - Path: /view_cam, Method: GET, Status: 200, Data Size: 774 bytes
Incoming Request - Path: /video_feed, Method: GET, Data Size: 0 bytes
Incoming Request - Path: /static/css/styles.css, Method: GET, Data Size: 0 bytes
Outgoing Response - Path: /video_feed, Method: GET, Status: 200, Data Size: 0 bytes
Outgoing Response - Path: /static/css/styles.css, Method: GET, Status: 404, Data Size: 207 bytes
Outgoing Response - Path: /system_usage, Method: GET, Status: 200, Data Size: 156 bytes
Incoming Request - Path: /admin, Method: GET, Data Size: 0 bytes
Outgoing Response - Path: /admin, Method: GET, Status: 200, Data Size: 8198 bytes
Incoming Request - Path: /static/css/styles.css, Method: GET, Data Size: 0 bytes
Outgoing Response - Path: /static/css/styles.css, Method: GET, Status: 404, Data Size: 207 bytes
Incoming Request - Path: /system_usage, Method: GET, Data Size: 0 bytes
Outgoing Response - Path: /system_usage, Method: GET, Status: 200, Data Size: 156 bytes
Incoming Request - Path: /system_usage, Method: GET, Data Size: 0 bytes
Outgoing Response - Path: /system_usage, Method: GET, Status: 200, Data Size: 156 bytes
Incoming Request - Path: /system_usage, Method: GET, Data Size: 0 bytes
Outgoing Response - Path: /system_usage, Method: GET, Status: 200, Data Size: 156 bytes
Incoming Request - Path: /system_usage, Method: GET, Data Size: 0 bytes
Outgoing Response - Path: /system_usage, Method: GET, Status: 200, Data Size: 156 bytes
Incoming Request - Path: /system_usage, Method: GET, Data Size: 0 bytes
Outgoing Response - Path: /system_usage, Method: GET, Status: 200, Data Size: 156 bytes
Incoming Request - Path: /system_usage, Method: GET, Data Size: 0 bytes
Outgoing Response - Path: /system_usage, Method: GET, Status: 200, Data Size: 156 bytes
Incoming Request - Path: /system_usage, Method: GET, Data Size: 0 bytes
Outgoing Response - Path: /system_usage, Method: GET, Status: 200, Data Size: 156 bytes
Incoming Request - Path: /system_usage, Method: GET, Data Size: 0 bytes
Outgoing Response - Path: /system_usage, Method: GET, Status: 200, Data Size: 156 bytes
Incoming Request - Path: /system_usage, Method: GET, Data Size: 0 bytes
Outgoing Response - Path: /system_usage, Method: GET, Status: 200, Data Size: 156 bytes
Incoming Request - Path: /system_usage, Method: GET, Data Size: 0 bytes
Outgoing Response - Path: /system_usage, Method: GET, Status: 200, Data Size: 156 bytes
Incoming Request - Path: /system_usage, Method: GET, Data Size: 0 bytes
Outgoing Response - Path: /system_usage, Method: GET, Status: 200, Data Size: 156 bytes
Incoming Request - Path: /system_usage, Method: GET, Data Size: 0 bytes
Outgoing Response - Path: /system_usage, Method: GET, Status: 200, Data Size: 156 bytes
Incoming Request - Path: /system_usage, Method: GET, Data Size: 0 bytes
Outgoing Response - Path: /system_usage, Method: GET, Status: 200, Data Size: 156 bytes
Incoming Request - Path: /system_usage, Method: GET, Data Size: 0 bytes
Outgoing Response - Path: /system_usage, Method: GET, Status: 200, Data Size: 156 bytes
Incoming Request - Path: /system_usage, Method: GET, Data Size: 0 bytes
Outgoing Response - Path: /system_usage, Method: GET, Status: 200, Data Size: 156 bytes
Incoming Request - Path: /system_usage, Method: GET, Data Size: 0 bytes
Outgoing Response - Path: /system_usage, Method: GET, Status: 200, Data Size: 156 bytes
Incoming Request - Path: /system_usage, Method: GET, Data Size: 0 bytes
Outgoing Response - Path: /system_usage, Method: GET, Status: 200, Data Size: 156 bytes
Incoming Request - Path: /system_usage, Method: GET, Data Size: 0 bytes
Outgoing Response - Path: /system_usage, Method: GET, Status: 200, Data Size: 156 bytes
Incoming Request - Path: /system_usage, Method: GET, Data Size: 0 bytes
Outgoing Response - Path: /system_usage, Method: GET, Status: 200, Data Size: 156 bytes
Incoming Request - Path: /system_usage, Method: GET, Data Size: 0 bytes
Outgoing Response - Path: /system_usage, Method: GET, Status: 200, Data Size: 156 bytes
Incoming Request - Path: /system_usage, Method: GET, Data Size: 0 bytes
Outgoing Response - Path: /system_usage, Method: GET, Status: 200, Data Size: 156 bytes
Incoming Request - Path: /system_usage, Method: GET, Data Size: 0 bytes
Outgoing Response - Path: /system_usage, Method: GET, Status: 200, Data Size: 156 bytes
Incoming Request - Path: /system_usage, Method: GET, Data Size: 0 bytes
Outgoing Response - Path: /system_usage, Method: GET, Status: 200, Data Size: 156 bytes
Incoming Request - Path: /system_usage, Method: GET, Data Size: 0 bytes
Outgoing Response - Path: /system_usage, Method: GET, Status: 200, Data Size: 156 bytes
Incoming Request - Path: /system_usage, Method: GET, Data Size: 0 bytes
Outgoing Response - Path: /system_usage, Method: GET, Status: 200, Data Size: 156 bytes
Incoming Request - Path: /system_usage, Method: GET, Data Size: 0 bytes
Outgoing Response - Path: /system_usage, Method: GET, Status: 200, Data Size: 156 bytes
Incoming Request - Path: /system_usage, Method: GET, Data Size: 0 bytes
Outgoing Response - Path: /system_usage, Method: GET, Status: 200, Data Size: 156 bytes
Incoming Request - Path: /admin/git_pull, Method: POST, Data Size: 0 bytes
Outgoing Response - Path: /admin/git_pull, Method: POST, Status: 200, Data Size: 59 bytes
Incoming Request - Path: /system_usage, Method: GET, Data Size: 0 bytes
Outgoing Response - Path: /system_usage, Method: GET, Status: 200, Data Size: 156 bytes
Incoming Request - Path: /system_usage, Method: GET, Data Size: 0 bytes
Outgoing Response - Path: /system_usage, Method: GET, Status: 200, Data Size: 156 bytes
Incoming Request - Path: /system_usage, Method: GET, Data Size: 0 bytes
Outgoing Response - Path: /system_usage, Method: GET, Status: 200, Data Size: 156 bytes
Incoming Request - Path: /system_usage, Method: GET, Data Size: 0 bytes
Outgoing Response - Path: /system_usage, Method: GET, Status: 200, Data Size: 156 bytes
Incoming Request - Path: /system_usage, Method: GET, Data Size: 0 bytes
Outgoing Response - Path: /system_usage, Method: GET, Status: 200, Data Size: 156 bytes
Incoming Request - Path: /system_usage, Method: GET, Data Size: 0 bytes
Outgoing Response - Path: /system_usage, Method: GET, Status: 200, Data Size: 156 bytes
Incoming Request - Path: /system_usage, Method: GET, Data Size: 0 bytes
Outgoing Response - Path: /system_usage, Method: GET, Status: 200, Data Size: 156 bytes
Incoming Request - Path: /system_usage, Method: GET, Data Size: 0 bytes
Outgoing Response - Path: /system_usage, Method: GET, Status: 200, Data Size: 156 bytes
Incoming Request - Path: /system_usage, Method: GET, Data Size: 0 bytes
Outgoing Response - Path: /system_usage, Method: GET, Status: 200, Data Size: 156 bytes
Incoming Request - Path: /system_usage, Method: GET, Data Size: 0 bytes
Outgoing Response - Path: /system_usage, Method: GET, Status: 200, Data Size: 156 bytes
Incoming Request - Path: /system_usage, Method: GET, Data Size: 0 bytes
Outgoing Response - Path: /system_usage, Method: GET, Status: 200, Data Size: 156 bytes
Incoming Request - Path: /system_usage, Method: GET, Data Size: 0 bytes
Outgoing Response - Path: /system_usage, Method: GET, Status: 200, Data Size: 156 bytes
Incoming Request - Path: /system_usage, Method: GET, Data Size: 0 bytes
Outgoing Response - Path: /system_usage, Method: GET, Status: 200, Data Size: 156 bytes
Incoming Request - Path: /system_usage, Method: GET, Data Size: 0 bytes
Outgoing Response - Path: /system_usage, Method: GET, Status: 200, Data Size: 156 bytes
Incoming Request - Path: /system_usage, Method: GET, Data Size: 0 bytes
Outgoing Response - Path: /system_usage, Method: GET, Status: 200, Data Size: 156 bytes
Incoming Request - Path: /system_usage, Method: GET, Data Size: 0 bytes
Outgoing Response - Path: /system_usage, Method: GET, Status: 200, Data Size: 156 bytes
Incoming Request - Path: /system_usage, Method: GET, Data Size: 0 bytes
Outgoing Response - Path: /system_usage, Method: GET, Status: 200, Data Size: 156 bytes
Incoming Request - Path: /system_usage, Method: GET, Data Size: 0 bytes
Outgoing Response - Path: /system_usage, Method: GET, Status: 200, Data Size: 156 bytes
Incoming Request - Path: /system_usage, Method: GET, Data Size: 0 bytes
Outgoing Response - Path: /system_usage, Method: GET, Status: 200, Data Size: 156 bytes
Incoming Request - Path: /system_usage, Method: GET, Data Size: 0 bytes
Outgoing Response - Path: /system_usage, Method: GET, Status: 200, Data Size: 156 bytes
Incoming Request - Path: /system_usage, Method: GET, Data Size: 0 bytes
Outgoing Response - Path: /system_usage, Method: GET, Status: 200, Data Size: 156 bytes
Incoming Request - Path: /system_usage, Method: GET, Data Size: 0 bytes
Outgoing Response - Path: /system_usage, Method: GET, Status: 200, Data Size: 156 bytes
Incoming Request - Path: /admin/git_pull, Method: POST, Data Size: 0 bytes
Incoming Request - Path: /system_usage, Method: GET, Data Size: 0 bytes
Outgoing Response - Path: /system_usage, Method: GET, Status: 200, Data Size: 156 bytes
Incoming Request - Path: /admin/logs, Method: GET, Data Size: 0 bytes
Outgoing Response - Path: /admin/logs, Method: GET, Status: 200, Data Size: 29386 bytes
Incoming Request - Path: /static/css/styles.css, Method: GET, Data Size: 0 bytes
Outgoing Response - Path: /static/css/styles.css, Method: GET, Status: 404, Data Size: 207 bytes
Outgoing Response - Path: /admin/git_pull, Method: POST, Status: 200, Data Size: 59 bytes
Incoming Request - Path: /view_cam, Method: GET, Data Size: 0 bytes
Outgoing Response - Path: /view_cam, Method: GET, Status: 200, Data Size: 774 bytes
Incoming Request - Path: /static/css/styles.css, Method: GET, Data Size: 0 bytes
Outgoing Response - Path: /static/css/styles.css, Method: GET, Status: 404, Data Size: 207 bytes
Incoming Request - Path: /video_feed, Method: GET, Data Size: 0 bytes
Incoming Request - Path: /admin, Method: GET, Data Size: 0 bytes
Outgoing Response - Path: /admin, Method: GET, Status: 200, Data Size: 8198 bytes
Incoming Request - Path: /static/css/styles.css, Method: GET, Data Size: 0 bytes
Outgoing Response - Path: /static/css/styles.css, Method: GET, Status: 404, Data Size: 207 bytes
Incoming Request - Path: /system_usage, Method: GET, Data Size: 0 bytes
Outgoing Response - Path: /system_usage, Method: GET, Status: 200, Data Size: 156 bytes
Incoming Request - Path: /admin/logs, Method: GET, Data Size: 0 bytes
Outgoing Response - Path: /admin/logs, Method: GET, Status: 200, Data Size: 30992 bytes
Incoming Request - Path: /static/css/styles.css, Method: GET, Data Size: 0 bytes
Outgoing Response - Path: /static/css/styles.css, Method: GET, Status: 404, Data Size: 207 bytes
Incoming Request - Path: /admin, Method: GET, Data Size: 0 bytes
Outgoing Response - Path: /admin, Method: GET, Status: 200, Data Size: 8198 bytes
Incoming Request - Path: /static/css/styles.css, Method: GET, Data Size: 0 bytes
Outgoing Response - Path: /static/css/styles.css, Method: GET, Status: 404, Data Size: 207 bytes
Incoming Request - Path: /system_usage, Method: GET, Data Size: 0 bytes
Outgoing Response - Path: /system_usage, Method: GET, Status: 200, Data Size: 156 bytes
Incoming Request - Path: /view_cam, Method: GET, Data Size: 0 bytes
Outgoing Response - Path: /view_cam, Method: GET, Status: 200, Data Size: 774 bytes
Incoming Request - Path: /static/css/styles.css, Method: GET, Data Size: 0 bytes
Outgoing Response - Path: /static/css/styles.css, Method: GET, Status: 404, Data Size: 207 bytes
Incoming Request - Path: /video_feed, Method: GET, Data Size: 0 bytes
Incoming Request - Path: /admin, Method: GET, Data Size: 0 bytes
Outgoing Response - Path: /admin, Method: GET, Status: 200, Data Size: 8198 bytes
Incoming Request - Path: /static/css/styles.css, Method: GET, Data Size: 0 bytes
Outgoing Response - Path: /static/css/styles.css, Method: GET, Status: 404, Data Size: 207 bytes
Incoming Request - Path: /system_usage, Method: GET, Data Size: 0 bytes
Outgoing Response - Path: /system_usage, Method: GET, Status: 200, Data Size: 156 bytes
Incoming Request - Path: /admin/logs, Method: GET, Data Size: 0 bytes
Outgoing Response - Path: /admin/logs, Method: GET, Status: 200, Data Size: 33255 bytes
Incoming Request - Path: /static/css/styles.css, Method: GET, Data Size: 0 bytes
Outgoing Response - Path: /static/css/styles.css, Method: GET, Status: 404, Data Size: 207 bytes
Incoming Request - Path: /admin, Method: GET, Data Size: 0 bytes
Outgoing Response - Path: /admin, Method: GET, Status: 200, Data Size: 8198 bytes
Incoming Request - Path: /static/css/styles.css, Method: GET, Data Size: 0 bytes
Outgoing Response - Path: /static/css/styles.css, Method: GET, Status: 404, Data Size: 207 bytes
Incoming Request - Path: /system_usage, Method: GET, Data Size: 0 bytes
Outgoing Response - Path: /system_usage, Method: GET, Status: 200, Data Size: 156 bytes
Incoming Request - Path: /system_usage, Method: GET, Data Size: 0 bytes
Outgoing Response - Path: /system_usage, Method: GET, Status: 200, Data Size: 156 bytes
Incoming Request - Path: /system_usage, Method: GET, Data Size: 0 bytes
Outgoing Response - Path: /system_usage, Method: GET, Status: 200, Data Size: 156 bytes
Incoming Request - Path: /system_usage, Method: GET, Data Size: 0 bytes
Outgoing Response - Path: /system_usage, Method: GET, Status: 200, Data Size: 156 bytes
Incoming Request - Path: /system_usage, Method: GET, Data Size: 0 bytes
Outgoing Response - Path: /system_usage, Method: GET, Status: 200, Data Size: 156 bytes
Incoming Request - Path: /system_usage, Method: GET, Data Size: 0 bytes
Outgoing Response - Path: /system_usage, Method: GET, Status: 200, Data Size: 156 bytes
Incoming Request - Path: /system_usage, Method: GET, Data Size: 0 bytes
Outgoing Response - Path: /system_usage, Method: GET, Status: 200, Data Size: 156 bytes
Incoming Request - Path: /system_usage, Method: GET, Data Size: 0 bytes
Outgoing Response - Path: /system_usage, Method: GET, Status: 200, Data Size: 156 bytes
Incoming Request - Path: /system_usage, Method: GET, Data Size: 0 bytes
Outgoing Response - Path: /system_usage, Method: GET, Status: 200, Data Size: 156 bytes
Incoming Request - Path: /system_usage, Method: GET, Data Size: 0 bytes
Outgoing Response - Path: /system_usage, Method: GET, Status: 200, Data Size: 156 bytes
Incoming Request - Path: /system_usage, Method: GET, Data Size: 0 bytes
Outgoing Response - Path: /system_usage, Method: GET, Status: 200, Data Size: 156 bytes
Incoming Request - Path: /system_usage, Method: GET, Data Size: 0 bytes
Outgoing Response - Path: /system_usage, Method: GET, Status: 200, Data Size: 156 bytes
Incoming Request - Path: /system_usage, Method: GET, Data Size: 0 bytes
Outgoing Response - Path: /system_usage, Method: GET, Status: 200, Data Size: 156 bytes
Incoming Request - Path: /system_usage, Method: GET, Data Size: 0 bytes
Outgoing Response - Path: /system_usage, Method: GET, Status: 200, Data Size: 156 bytes
Incoming Request - Path: /system_usage, Method: GET, Data Size: 0 bytes
Outgoing Response - Path: /system_usage, Method: GET, Status: 200, Data Size: 156 bytes
Incoming Request - Path: /system_usage, Method: GET, Data Size: 0 bytes
Outgoing Response - Path: /system_usage, Method: GET, Status: 200, Data Size: 156 bytes
Incoming Request - Path: /system_usage, Method: GET, Data Size: 0 bytes
Outgoing Response - Path: /system_usage, Method: GET, Status: 200, Data Size: 156 bytes
Incoming Request - Path: /system_usage, Method: GET, Data Size: 0 bytes
Outgoing Response - Path: /system_usage, Method: GET, Status: 200, Data Size: 156 bytes
Incoming Request - Path: /system_usage, Method: GET, Data Size: 0 bytes
Outgoing Response - Path: /system_usage, Method: GET, Status: 200, Data Size: 156 bytes
Incoming Request - Path: /system_usage, Method: GET, Data Size: 0 bytes
Outgoing Response - Path: /system_usage, Method: GET, Status: 200, Data Size: 156 bytes
Incoming Request - Path: /system_usage, Method: GET, Data Size: 0 bytes
Outgoing Response - Path: /system_usage, Method: GET, Status: 200, Data Size: 156 bytes
Incoming Request - Path: /system_usage, Method: GET, Data Size: 0 bytes
Outgoing Response - Path: /system_usage, Method: GET, Status: 200, Data Size: 156 bytes
Incoming Request - Path: /system_usage, Method: GET, Data Size: 0 bytes
Outgoing Response - Path: /system_usage, Method: GET, Status: 200, Data Size: 156 bytes
Incoming Request - Path: /system_usage, Method: GET, Data Size: 0 bytes
Outgoing Response - Path: /system_usage, Method: GET, Status: 200, Data Size: 156 bytes
Incoming Request - Path: /system_usage, Method: GET, Data Size: 0 bytes
Outgoing Response - Path: /system_usage, Method: GET, Status: 200, Data Size: 156 bytes
Incoming Request - Path: /system_usage, Method: GET, Data Size: 0 bytes
Outgoing Response - Path: /system_usage, Method: GET, Status: 200, Data Size: 156 bytes
Incoming Request - Path: /system_usage, Method: GET, Data Size: 0 bytes
Outgoing Response - Path: /system_usage, Method: GET, Status: 200, Data Size: 156 bytes
Incoming Request - Path: /system_usage, Method: GET, Data Size: 0 bytes
Outgoing Response - Path: /system_usage, Method: GET, Status: 200, Data Size: 156 bytes
Incoming Request - Path: /system_usage, Method: GET, Data Size: 0 bytes
Outgoing Response - Path: /system_usage, Method: GET, Status: 200, Data Size: 156 bytes
Incoming Request - Path: /system_usage, Method: GET, Data Size: 0 bytes
Outgoing Response - Path: /system_usage, Method: GET, Status: 200, Data Size: 156 bytes
Incoming Request - Path: /system_usage, Method: GET, Data Size: 0 bytes
Outgoing Response - Path: /system_usage, Method: GET, Status: 200, Data Size: 156 bytes
Incoming Request - Path: /system_usage, Method: GET, Data Size: 0 bytes
Outgoing Response - Path: /system_usage, Method: GET, Status: 200, Data Size: 156 bytes
Incoming Request - Path: /system_usage, Method: GET, Data Size: 0 bytes
Outgoing Response - Path: /system_usage, Method: GET, Status: 200, Data Size: 156 bytes
Incoming Request - Path: /system_usage, Method: GET, Data Size: 0 bytes
Outgoing Response - Path: /system_usage, Method: GET, Status: 200, Data Size: 156 bytes
Incoming Request - Path: /system_usage, Method: GET, Data Size: 0 bytes
Outgoing Response - Path: /system_usage, Method: GET, Status: 200, Data Size: 156 bytes
Incoming Request - Path: /system_usage, Method: GET, Data Size: 0 bytes
Outgoing Response - Path: /system_usage, Method: GET, Status: 200, Data Size: 156 bytes
Incoming Request - Path: /system_usage, Method: GET, Data Size: 0 bytes
Outgoing Response - Path: /system_usage, Method: GET, Status: 200, Data Size: 156 bytes
Incoming Request - Path: /system_usage, Method: GET, Data Size: 0 bytes
Outgoing Response - Path: /system_usage, Method: GET, Status: 200, Data Size: 156 bytes
Incoming Request - Path: /system_usage, Method: GET, Data Size: 0 bytes
Outgoing Response - Path: /system_usage, Method: GET, Status: 200, Data Size: 156 bytes
Incoming Request - Path: /system_usage, Method: GET, Data Size: 0 bytes
Outgoing Response - Path: /system_usage, Method: GET, Status: 200, Data Size: 156 bytes
Incoming Request - Path: /system_usage, Method: GET, Data Size: 0 bytes
Outgoing Response - Path: /system_usage, Method: GET, Status: 200, Data Size: 156 bytes
Incoming Request - Path: /system_usage, Method: GET, Data Size: 0 bytes
Outgoing Response - Path: /system_usage, Method: GET, Status: 200, Data Size: 156 bytes
Incoming Request - Path: /system_usage, Method: GET, Data Size: 0 bytes
Outgoing Response - Path: /system_usage, Method: GET, Status: 200, Data Size: 156 bytes
Incoming Request - Path: /system_usage, Method: GET, Data Size: 0 bytes
Outgoing Response - Path: /system_usage, Method: GET, Status: 200, Data Size: 156 bytes
Incoming Request - Path: /system_usage, Method: GET, Data Size: 0 bytes
Outgoing Response - Path: /system_usage, Method: GET, Status: 200, Data Size: 156 bytes
Incoming Request - Path: /system_usage, Method: GET, Data Size: 0 bytes
Outgoing Response - Path: /system_usage, Method: GET, Status: 200, Data Size: 156 bytes
Incoming Request - Path: /system_usage, Method: GET, Data Size: 0 bytes
Outgoing Response - Path: /system_usage, Method: GET, Status: 200, Data Size: 156 bytes
Incoming Request - Path: /system_usage, Method: GET, Data Size: 0 bytes
Outgoing Response - Path: /system_usage, Method: GET, Status: 200, Data Size: 156 bytes
Incoming Request - Path: /system_usage, Method: GET, Data Size: 0 bytes
Outgoing Response - Path: /system_usage, Method: GET, Status: 200, Data Size: 156 bytes
Incoming Request - Path: /system_usage, Method: GET, Data Size: 0 bytes
Outgoing Response - Path: /system_usage, Method: GET, Status: 200, Data Size: 156 bytes
Incoming Request - Path: /system_usage, Method: GET, Data Size: 0 bytes
Outgoing Response - Path: /system_usage, Method: GET, Status: 200, Data Size: 156 bytes
Incoming Request - Path: /system_usage, Method: GET, Data Size: 0 bytes
Outgoing Response - Path: /system_usage, Method: GET, Status: 200, Data Size: 156 bytes
Incoming Request - Path: /system_usage, Method: GET, Data Size: 0 bytes
Outgoing Response - Path: /system_usage, Method: GET, Status: 200, Data Size: 156 bytes
Incoming Request - Path: /system_usage, Method: GET, Data Size: 0 bytes
Outgoing Response - Path: /system_usage, Method: GET, Status: 200, Data Size: 156 bytes
Incoming Request - Path: /system_usage, Method: GET, Data Size: 0 bytes
Outgoing Response - Path: /system_usage, Method: GET, Status: 200, Data Size: 156 bytes
Incoming Request - Path: /system_usage, Method: GET, Data Size: 0 bytes
Outgoing Response - Path: /system_usage, Method: GET, Status: 200, Data Size: 156 bytes
Incoming Request - Path: /system_usage, Method: GET, Data Size: 0 bytes
Outgoing Response - Path: /system_usage, Method: GET, Status: 200, Data Size: 156 bytes
Incoming Request - Path: /system_usage, Method: GET, Data Size: 0 bytes
Outgoing Response - Path: /system_usage, Method: GET, Status: 200, Data Size: 156 bytes
Incoming Request - Path: /system_usage, Method: GET, Data Size: 0 bytes
Outgoing Response - Path: /system_usage, Method: GET, Status: 200, Data Size: 156 bytes
Incoming Request - Path: /system_usage, Method: GET, Data Size: 0 bytes
Outgoing Response - Path: /system_usage, Method: GET, Status: 200, Data Size: 156 bytes
Incoming Request - Path: /system_usage, Method: GET, Data Size: 0 bytes
Outgoing Response - Path: /system_usage, Method: GET, Status: 200, Data Size: 156 bytes
Incoming Request - Path: /system_usage, Method: GET, Data Size: 0 bytes
Outgoing Response - Path: /system_usage, Method: GET, Status: 200, Data Size: 156 bytes
Incoming Request - Path: /system_usage, Method: GET, Data Size: 0 bytes
Outgoing Response - Path: /system_usage, Method: GET, Status: 200, Data Size: 156 bytes
Incoming Request - Path: /system_usage, Method: GET, Data Size: 0 bytes
Outgoing Response - Path: /system_usage, Method: GET, Status: 200, Data Size: 156 bytes
Incoming Request - Path: /system_usage, Method: GET, Data Size: 0 bytes
Outgoing Response - Path: /system_usage, Method: GET, Status: 200, Data Size: 156 bytes
Incoming Request - Path: /system_usage, Method: GET, Data Size: 0 bytes
Outgoing Response - Path: /system_usage, Method: GET, Status: 200, Data Size: 156 bytes
Incoming Request - Path: /system_usage, Method: GET, Data Size: 0 bytes
Outgoing Response - Path: /system_usage, Method: GET, Status: 200, Data Size: 156 bytes
Incoming Request - Path: /system_usage, Method: GET, Data Size: 0 bytes
Outgoing Response - Path: /system_usage, Method: GET, Status: 200, Data Size: 156 bytes
Incoming Request - Path: /system_usage, Method: GET, Data Size: 0 bytes
Outgoing Response - Path: /system_usage, Method: GET, Status: 200, Data Size: 156 bytes
Incoming Request - Path: /system_usage, Method: GET, Data Size: 0 bytes
Outgoing Response - Path: /system_usage, Method: GET, Status: 200, Data Size: 156 bytes
Incoming Request - Path: /system_usage, Method: GET, Data Size: 0 bytes
Outgoing Response - Path: /system_usage, Method: GET, Status: 200, Data Size: 156 bytes
Incoming Request - Path: /system_usage, Method: GET, Data Size: 0 bytes
Outgoing Response - Path: /system_usage, Method: GET, Status: 200, Data Size: 156 bytes
Incoming Request - Path: /system_usage, Method: GET, Data Size: 0 bytes
Outgoing Response - Path: /system_usage, Method: GET, Status: 200, Data Size: 156 bytes
Incoming Request - Path: /system_usage, Method: GET, Data Size: 0 bytes
Outgoing Response - Path: /system_usage, Method: GET, Status: 200, Data Size: 156 bytes
Incoming Request - Path: /system_usage, Method: GET, Data Size: 0 bytes
Outgoing Response - Path: /system_usage, Method: GET, Status: 200, Data Size: 156 bytes
Incoming Request - Path: /system_usage, Method: GET, Data Size: 0 bytes
Outgoing Response - Path: /system_usage, Method: GET, Status: 200, Data Size: 156 bytes
Incoming Request - Path: /system_usage, Method: GET, Data Size: 0 bytes
Outgoing Response - Path: /system_usage, Method: GET, Status: 200, Data Size: 156 bytes
Incoming Request - Path: /system_usage, Method: GET, Data Size: 0 bytes
Outgoing Response - Path: /system_usage, Method: GET, Status: 200, Data Size: 156 bytes
Incoming Request - Path: /system_usage, Method: GET, Data Size: 0 bytes
Outgoing Response - Path: /system_usage, Method: GET, Status: 200, Data Size: 156 bytes
Incoming Request - Path: /system_usage, Method: GET, Data Size: 0 bytes
Outgoing Response - Path: /system_usage, Method: GET, Status: 200, Data Size: 156 bytes
Incoming Request - Path: /system_usage, Method: GET, Data Size: 0 bytes
Outgoing Response - Path: /system_usage, Method: GET, Status: 200, Data Size: 156 bytes
Incoming Request - Path: /system_usage, Method: GET, Data Size: 0 bytes
Outgoing Response - Path: /system_usage, Method: GET, Status: 200, Data Size: 156 bytes
Incoming Request - Path: /system_usage, Method: GET, Data Size: 0 bytes
Outgoing Response - Path: /system_usage, Method: GET, Status: 200, Data Size: 156 bytes
Incoming Request - Path: /system_usage, Method: GET, Data Size: 0 bytes
Outgoing Response - Path: /system_usage, Method: GET, Status: 200, Data Size: 156 bytes
Incoming Request - Path: /system_usage, Method: GET, Data Size: 0 bytes
Outgoing Response - Path: /system_usage, Method: GET, Status: 200, Data Size: 156 bytes
Incoming Request - Path: /system_usage, Method: GET, Data Size: 0 bytes
Outgoing Response - Path: /system_usage, Method: GET, Status: 200, Data Size: 156 bytes
Incoming Request - Path: /system_usage, Method: GET, Data Size: 0 bytes
Outgoing Response - Path: /system_usage, Method: GET, Status: 200, Data Size: 156 bytes
Incoming Request - Path: /system_usage, Method: GET, Data Size: 0 bytes
Outgoing Response - Path: /system_usage, Method: GET, Status: 200, Data Size: 156 bytes
Incoming Request - Path: /system_usage, Method: GET, Data Size: 0 bytes
Outgoing Response - Path: /system_usage, Method: GET, Status: 200, Data Size: 156 bytes
Incoming Request - Path: /system_usage, Method: GET, Data Size: 0 bytes
Outgoing Response - Path: /system_usage, Method: GET, Status: 200, Data Size: 156 bytes
Incoming Request - Path: /system_usage, Method: GET, Data Size: 0 bytes
Outgoing Response - Path: /system_usage, Method: GET, Status: 200, Data Size: 156 bytes
Incoming Request - Path: /system_usage, Method: GET, Data Size: 0 bytes
Outgoing Response - Path: /system_usage, Method: GET, Status: 200, Data Size: 156 bytes
Incoming Request - Path: /system_usage, Method: GET, Data Size: 0 bytes
Outgoing Response - Path: /system_usage, Method: GET, Status: 200, Data Size: 156 bytes
Incoming Request - Path: /system_usage, Method: GET, Data Size: 0 bytes
Outgoing Response - Path: /system_usage, Method: GET, Status: 200, Data Size: 156 bytes
Incoming Request - Path: /, Method: GET, Data Size: 0 bytes
Outgoing Response - Path: /, Method: GET, Status: 200, Data Size: 1250 bytes
Incoming Request - Path: /system_usage, Method: GET, Data Size: 0 bytes
Outgoing Response - Path: /system_usage, Method: GET, Status: 200, Data Size: 156 bytes
Incoming Request - Path: /system_usage, Method: GET, Data Size: 0 bytes
Outgoing Response - Path: /system_usage, Method: GET, Status: 200, Data Size: 156 bytes
Incoming Request - Path: /system_usage, Method: GET, Data Size: 0 bytes
Outgoing Response - Path: /system_usage, Method: GET, Status: 200, Data Size: 156 bytes
Incoming Request - Path: /system_usage, Method: GET, Data Size: 0 bytes
Outgoing Response - Path: /system_usage, Method: GET, Status: 200, Data Size: 156 bytes
Incoming Request - Path: /system_usage, Method: GET, Data Size: 0 bytes
Outgoing Response - Path: /system_usage, Method: GET, Status: 200, Data Size: 156 bytes
Incoming Request - Path: /system_usage, Method: GET, Data Size: 0 bytes
Outgoing Response - Path: /system_usage, Method: GET, Status: 200, Data Size: 156 bytes
Incoming Request - Path: /system_usage, Method: GET, Data Size: 0 bytes
Outgoing Response - Path: /system_usage, Method: GET, Status: 200, Data Size: 156 bytes
Incoming Request - Path: /system_usage, Method: GET, Data Size: 0 bytes
Outgoing Response - Path: /system_usage, Method: GET, Status: 200, Data Size: 156 bytes
Incoming Request - Path: /system_usage, Method: GET, Data Size: 0 bytes
Outgoing Response - Path: /system_usage, Method: GET, Status: 200, Data Size: 156 bytes
Incoming Request - Path: /system_usage, Method: GET, Data Size: 0 bytes
Outgoing Response - Path: /system_usage, Method: GET, Status: 200, Data Size: 156 bytes
Incoming Request - Path: /system_usage, Method: GET, Data Size: 0 bytes
Outgoing Response - Path: /system_usage, Method: GET, Status: 200, Data Size: 156 bytes
Incoming Request - Path: /system_usage, Method: GET, Data Size: 0 bytes
Outgoing Response - Path: /system_usage, Method: GET, Status: 200, Data Size: 156 bytes
Incoming Request - Path: /system_usage, Method: GET, Data Size: 0 bytes
Outgoing Response - Path: /system_usage, Method: GET, Status: 200, Data Size: 156 bytes
Incoming Request - Path: /system_usage, Method: GET, Data Size: 0 bytes
Outgoing Response - Path: /system_usage, Method: GET, Status: 200, Data Size: 156 bytes
Incoming Request - Path: /system_usage, Method: GET, Data Size: 0 bytes
Outgoing Response - Path: /system_usage, Method: GET, Status: 200, Data Size: 156 bytes
Incoming Request - Path: /system_usage, Method: GET, Data Size: 0 bytes
Outgoing Response - Path: /system_usage, Method: GET, Status: 200, Data Size: 156 bytes
Incoming Request - Path: /system_usage, Method: GET, Data Size: 0 bytes
Outgoing Response - Path: /system_usage, Method: GET, Status: 200, Data Size: 156 bytes
Incoming Request - Path: /system_usage, Method: GET, Data Size: 0 bytes
Outgoing Response - Path: /system_usage, Method: GET, Status: 200, Data Size: 156 bytes
Incoming Request - Path: /system_usage, Method: GET, Data Size: 0 bytes
Outgoing Response - Path: /system_usage, Method: GET, Status: 200, Data Size: 156 bytes
Incoming Request - Path: /system_usage, Method: GET, Data Size: 0 bytes
Outgoing Response - Path: /system_usage, Method: GET, Status: 200, Data Size: 156 bytes
Incoming Request - Path: /system_usage, Method: GET, Data Size: 0 bytes
Outgoing Response - Path: /system_usage, Method: GET, Status: 200, Data Size: 156 bytes
Incoming Request - Path: /system_usage, Method: GET, Data Size: 0 bytes
Outgoing Response - Path: /system_usage, Method: GET, Status: 200, Data Size: 156 bytes
Incoming Request - Path: /system_usage, Method: GET, Data Size: 0 bytes
Outgoing Response - Path: /system_usage, Method: GET, Status: 200, Data Size: 156 bytes
Incoming Request - Path: /system_usage, Method: GET, Data Size: 0 bytes
Outgoing Response - Path: /system_usage, Method: GET, Status: 200, Data Size: 156 bytes
Incoming Request - Path: /system_usage, Method: GET, Data Size: 0 bytes
Outgoing Response - Path: /system_usage, Method: GET, Status: 200, Data Size: 156 bytes
Incoming Request - Path: /system_usage, Method: GET, Data Size: 0 bytes
Outgoing Response - Path: /system_usage, Method: GET, Status: 200, Data Size: 156 bytes
Incoming Request - Path: /system_usage, Method: GET, Data Size: 0 bytes
Outgoing Response - Path: /system_usage, Method: GET, Status: 200, Data Size: 156 bytes
Incoming Request - Path: /system_usage, Method: GET, Data Size: 0 bytes
Outgoing Response - Path: /system_usage, Method: GET, Status: 200, Data Size: 156 bytes
Incoming Request - Path: /system_usage, Method: GET, Data Size: 0 bytes
Outgoing Response - Path: /system_usage, Method: GET, Status: 200, Data Size: 156 bytes
Incoming Request - Path: /system_usage, Method: GET, Data Size: 0 bytes
Outgoing Response - Path: /system_usage, Method: GET, Status: 200, Data Size: 156 bytes
Incoming Request - Path: /system_usage, Method: GET, Data Size: 0 bytes
Outgoing Response - Path: /system_usage, Method: GET, Status: 200, Data Size: 156 bytes
Incoming Request - Path: /system_usage, Method: GET, Data Size: 0 bytes
Outgoing Response - Path: /system_usage, Method: GET, Status: 200, Data Size: 156 bytes
Incoming Request - Path: /system_usage, Method: GET, Data Size: 0 bytes
Outgoing Response - Path: /system_usage, Method: GET, Status: 200, Data Size: 156 bytes
Incoming Request - Path: /system_usage, Method: GET, Data Size: 0 bytes
Outgoing Response - Path: /system_usage, Method: GET, Status: 200, Data Size: 156 bytes
Incoming Request - Path: /system_usage, Method: GET, Data Size: 0 bytes
Outgoing Response - Path: /system_usage, Method: GET, Status: 200, Data Size: 156 bytes
Incoming Request - Path: /system_usage, Method: GET, Data Size: 0 bytes
Outgoing Response - Path: /system_usage, Method: GET, Status: 200, Data Size: 156 bytes
Incoming Request - Path: /system_usage, Method: GET, Data Size: 0 bytes
Outgoing Response - Path: /system_usage, Method: GET, Status: 200, Data Size: 156 bytes
Incoming Request - Path: /system_usage, Method: GET, Data Size: 0 bytes
Outgoing Response - Path: /system_usage, Method: GET, Status: 200, Data Size: 156 bytes
Incoming Request - Path: /system_usage, Method: GET, Data Size: 0 bytes
Outgoing Response - Path: /system_usage, Method: GET, Status: 200, Data Size: 156 bytes
Incoming Request - Path: /system_usage, Method: GET, Data Size: 0 bytes
Outgoing Response - Path: /system_usage, Method: GET, Status: 200, Data Size: 156 bytes
Incoming Request - Path: /system_usage, Method: GET, Data Size: 0 bytes
Outgoing Response - Path: /system_usage, Method: GET, Status: 200, Data Size: 156 bytes
Incoming Request - Path: /system_usage, Method: GET, Data Size: 0 bytes
Incoming Request - Path: /admin/git_pull, Method: POST, Data Size: 0 bytes
Outgoing Response - Path: /system_usage, Method: GET, Status: 200, Data Size: 156 bytes
Outgoing Response - Path: /admin/git_pull, Method: POST, Status: 200, Data Size: 59 bytes
Incoming Request - Path: /system_usage, Method: GET, Data Size: 0 bytes
Outgoing Response - Path: /system_usage, Method: GET, Status: 200, Data Size: 156 bytes
Incoming Request - Path: /system_usage, Method: GET, Data Size: 0 bytes
Outgoing Response - Path: /system_usage, Method: GET, Status: 200, Data Size: 156 bytes
Incoming Request - Path: /system_usage, Method: GET, Data Size: 0 bytes
Outgoing Response - Path: /system_usage, Method: GET, Status: 200, Data Size: 156 bytes
Incoming Request - Path: /system_usage, Method: GET, Data Size: 0 bytes
Outgoing Response - Path: /system_usage, Method: GET, Status: 200, Data Size: 156 bytes
Incoming Request - Path: /system_usage, Method: GET, Data Size: 0 bytes
Outgoing Response - Path: /system_usage, Method: GET, Status: 200, Data Size: 156 bytes
Incoming Request - Path: /system_usage, Method: GET, Data Size: 0 bytes
Outgoing Response - Path: /system_usage, Method: GET, Status: 200, Data Size: 156 bytes
Incoming Request - Path: /system_usage, Method: GET, Data Size: 0 bytes
Outgoing Response - Path: /system_usage, Method: GET, Status: 200, Data Size: 156 bytes
Incoming Request - Path: /system_usage, Method: GET, Data Size: 0 bytes
Outgoing Response - Path: /system_usage, Method: GET, Status: 200, Data Size: 156 bytes
Incoming Request - Path: /system_usage, Method: GET, Data Size: 0 bytes
Outgoing Response - Path: /system_usage, Method: GET, Status: 200, Data Size: 156 bytes
Incoming Request - Path: /system_usage, Method: GET, Data Size: 0 bytes
Outgoing Response - Path: /system_usage, Method: GET, Status: 200, Data Size: 156 bytes
Incoming Request - Path: /system_usage, Method: GET, Data Size: 0 bytes
Outgoing Response - Path: /system_usage, Method: GET, Status: 200, Data Size: 156 bytes
Incoming Request - Path: /system_usage, Method: GET, Data Size: 0 bytes
Outgoing Response - Path: /system_usage, Method: GET, Status: 200, Data Size: 156 bytes
Incoming Request - Path: /system_usage, Method: GET, Data Size: 0 bytes
Outgoing Response - Path: /system_usage, Method: GET, Status: 200, Data Size: 156 bytes
Incoming Request - Path: /system_usage, Method: GET, Data Size: 0 bytes
Outgoing Response - Path: /system_usage, Method: GET, Status: 200, Data Size: 156 bytes
Incoming Request - Path: /system_usage, Method: GET, Data Size: 0 bytes
Outgoing Response - Path: /system_usage, Method: GET, Status: 200, Data Size: 156 bytes
Incoming Request - Path: /system_usage, Method: GET, Data Size: 0 bytes
Outgoing Response - Path: /system_usage, Method: GET, Status: 200, Data Size: 156 bytes
Incoming Request - Path: /system_usage, Method: GET, Data Size: 0 bytes
Outgoing Response - Path: /system_usage, Method: GET, Status: 200, Data Size: 156 bytes
Incoming Request - Path: /system_usage, Method: GET, Data Size: 0 bytes
Incoming Request - Path: /view_cam, Method: GET, Data Size: 0 bytes
Outgoing Response - Path: /view_cam, Method: GET, Status: 200, Data Size: 774 bytes
Outgoing Response - Path: /system_usage, Method: GET, Status: 200, Data Size: 156 bytes
Incoming Request - Path: /system_usage, Method: GET, Data Size: 0 bytes
Outgoing Response - Path: /system_usage, Method: GET, Status: 200, Data Size: 156 bytes
Incoming Request - Path: /admin/logs, Method: GET, Data Size: 0 bytes
Outgoing Response - Path: /admin/logs, Method: GET, Status: 200, Data Size: 84320 bytes
Incoming Request - Path: /static/css/styles.css, Method: GET, Data Size: 0 bytes
Outgoing Response - Path: /static/css/styles.css, Method: GET, Status: 404, Data Size: 207 bytes
Incoming Request - Path: /system_usage, Method: GET, Data Size: 0 bytes
Outgoing Response - Path: /system_usage, Method: GET, Status: 200, Data Size: 156 bytes
Incoming Request - Path: /admin/clear_logs, Method: POST, Data Size: 0 bytes
Outgoing Response - Path: /admin/clear_logs, Method: POST, Status: 302, Data Size: 209 bytes
Incoming Request - Path: /admin/logs, Method: GET, Data Size: 0 bytes
Outgoing Response - Path: /admin/logs, Method: GET, Status: 200, Data Size: 1589 bytes
Incoming Request - Path: /static/css/styles.css, Method: GET, Data Size: 0 bytes
Outgoing Response - Path: /static/css/styles.css, Method: GET, Status: 404, Data Size: 207 bytes
Incoming Request - Path: /admin/clear_logs, Method: POST, Data Size: 0 bytes
Outgoing Response - Path: /admin/clear_logs, Method: POST, Status: 302, Data Size: 209 bytes
Incoming Request - Path: /admin/logs, Method: GET, Data Size: 0 bytes
Outgoing Response - Path: /admin/logs, Method: GET, Status: 200, Data Size: 1589 bytes
Incoming Request - Path: /static/css/styles.css, Method: GET, Data Size: 0 bytes
Outgoing Response - Path: /static/css/styles.css, Method: GET, Status: 404, Data Size: 207 bytes
Incoming Request - Path: /admin/clear_logs, Method: POST, Data Size: 0 bytes
Outgoing Response - Path: /admin/clear_logs, Method: POST, Status: 302, Data Size: 209 bytes
Incoming Request - Path: /admin/logs, Method: GET, Data Size: 0 bytes
Outgoing Response - Path: /admin/logs, Method: GET, Status: 200, Data Size: 1589 bytes
Incoming Request - Path: /static/css/styles.css, Method: GET, Data Size: 0 bytes
Outgoing Response - Path: /static/css/styles.css, Method: GET, Status: 404, Data Size: 207 bytes
Incoming Request - Path: /system_usage, Method: GET, Data Size: 0 bytes
Incoming Request - Path: /admin, Method: GET, Data Size: 0 bytes
Outgoing Response - Path: /system_usage, Method: GET, Status: 200, Data Size: 155 bytes
Outgoing Response - Path: /admin, Method: GET, Status: 200, Data Size: 8198 bytes
Incoming Request - Path: /static/css/styles.css, Method: GET, Data Size: 0 bytes
Outgoing Response - Path: /static/css/styles.css, Method: GET, Status: 404, Data Size: 207 bytes
Incoming Request - Path: /system_usage, Method: GET, Data Size: 0 bytes
Outgoing Response - Path: /system_usage, Method: GET, Status: 200, Data Size: 155 bytes
Incoming Request - Path: /system_usage, Method: GET, Data Size: 0 bytes
Outgoing Response - Path: /system_usage, Method: GET, Status: 200, Data Size: 155 bytes
Incoming Request - Path: /system_usage, Method: GET, Data Size: 0 bytes
Outgoing Response - Path: /system_usage, Method: GET, Status: 200, Data Size: 155 bytes
Incoming Request - Path: /system_usage, Method: GET, Data Size: 0 bytes
Outgoing Response - Path: /system_usage, Method: GET, Status: 200, Data Size: 155 bytes
Incoming Request - Path: /system_usage, Method: GET, Data Size: 0 bytes
Outgoing Response - Path: /system_usage, Method: GET, Status: 200, Data Size: 155 bytes
Incoming Request - Path: /system_usage, Method: GET, Data Size: 0 bytes
Outgoing Response - Path: /system_usage, Method: GET, Status: 200, Data Size: 155 bytes
Incoming Request - Path: /system_usage, Method: GET, Data Size: 0 bytes
Outgoing Response - Path: /system_usage, Method: GET, Status: 200, Data Size: 155 bytes
Incoming Request - Path: /system_usage, Method: GET, Data Size: 0 bytes
Outgoing Response - Path: /system_usage, Method: GET, Status: 200, Data Size: 155 bytes
Incoming Request - Path: /system_usage, Method: GET, Data Size: 0 bytes
Outgoing Response - Path: /system_usage, Method: GET, Status: 200, Data Size: 155 bytes
Incoming Request - Path: /system_usage, Method: GET, Data Size: 0 bytes
Outgoing Response - Path: /system_usage, Method: GET, Status: 200, Data Size: 155 bytes
Incoming Request - Path: /system_usage, Method: GET, Data Size: 0 bytes
Outgoing Response - Path: /system_usage, Method: GET, Status: 200, Data Size: 155 bytes
Incoming Request - Path: /system_usage, Method: GET, Data Size: 0 bytes
Outgoing Response - Path: /system_usage, Method: GET, Status: 200, Data Size: 156 bytes
Incoming Request - Path: /system_usage, Method: GET, Data Size: 0 bytes
Outgoing Response - Path: /system_usage, Method: GET, Status: 200, Data Size: 155 bytes
Incoming Request - Path: /system_usage, Method: GET, Data Size: 0 bytes
Incoming Request - Path: /system_usage, Method: GET, Data Size: 0 bytes
Outgoing Response - Path: /system_usage, Method: GET, Status: 200, Data Size: 156 bytes
Outgoing Response - Path: /system_usage, Method: GET, Status: 200, Data Size: 156 bytes
Incoming Request - Path: /system_usage, Method: GET, Data Size: 0 bytes
Incoming Request - Path: /system_usage, Method: GET, Data Size: 0 bytes
Outgoing Response - Path: /system_usage, Method: GET, Status: 200, Data Size: 156 bytes
Outgoing Response - Path: /system_usage, Method: GET, Status: 200, Data Size: 156 bytes
Incoming Request - Path: /system_usage, Method: GET, Data Size: 0 bytes
Outgoing Response - Path: /system_usage, Method: GET, Status: 200, Data Size: 156 bytes
Incoming Request - Path: /system_usage, Method: GET, Data Size: 0 bytes
Outgoing Response - Path: /system_usage, Method: GET, Status: 200, Data Size: 156 bytes
Incoming Request - Path: /system_usage, Method: GET, Data Size: 0 bytes
Outgoing Response - Path: /system_usage, Method: GET, Status: 200, Data Size: 156 bytes
Incoming Request - Path: /system_usage, Method: GET, Data Size: 0 bytes
Outgoing Response - Path: /system_usage, Method: GET, Status: 200, Data Size: 156 bytes
Incoming Request - Path: /system_usage, Method: GET, Data Size: 0 bytes
Outgoing Response - Path: /system_usage, Method: GET, Status: 200, Data Size: 155 bytes
Incoming Request - Path: /system_usage, Method: GET, Data Size: 0 bytes
Outgoing Response - Path: /system_usage, Method: GET, Status: 200, Data Size: 156 bytes
Incoming Request - Path: /system_usage, Method: GET, Data Size: 0 bytes
Outgoing Response - Path: /system_usage, Method: GET, Status: 200, Data Size: 156 bytes
Incoming Request - Path: /system_usage, Method: GET, Data Size: 0 bytes
Outgoing Response - Path: /system_usage, Method: GET, Status: 200, Data Size: 156 bytes
Incoming Request - Path: /system_usage, Method: GET, Data Size: 0 bytes
Outgoing Response - Path: /system_usage, Method: GET, Status: 200, Data Size: 156 bytes
Incoming Request - Path: /system_usage, Method: GET, Data Size: 0 bytes
Outgoing Response - Path: /system_usage, Method: GET, Status: 200, Data Size: 156 bytes
Incoming Request - Path: /system_usage, Method: GET, Data Size: 0 bytes
Outgoing Response - Path: /system_usage, Method: GET, Status: 200, Data Size: 155 bytes
Incoming Request - Path: /system_usage, Method: GET, Data Size: 0 bytes
Outgoing Response - Path: /system_usage, Method: GET, Status: 200, Data Size: 155 bytes
Incoming Request - Path: /system_usage, Method: GET, Data Size: 0 bytes
Outgoing Response - Path: /system_usage, Method: GET, Status: 200, Data Size: 155 bytes
Incoming Request - Path: /system_usage, Method: GET, Data Size: 0 bytes
Outgoing Response - Path: /system_usage, Method: GET, Status: 200, Data Size: 155 bytes
Incoming Request - Path: /system_usage, Method: GET, Data Size: 0 bytes
Outgoing Response - Path: /system_usage, Method: GET, Status: 200, Data Size: 155 bytes
Incoming Request - Path: /system_usage, Method: GET, Data Size: 0 bytes
Outgoing Response - Path: /system_usage, Method: GET, Status: 200, Data Size: 155 bytes
Incoming Request - Path: /system_usage, Method: GET, Data Size: 0 bytes
Outgoing Response - Path: /system_usage, Method: GET, Status: 200, Data Size: 155 bytes
Incoming Request - Path: /system_usage, Method: GET, Data Size: 0 bytes
Outgoing Response - Path: /system_usage, Method: GET, Status: 200, Data Size: 155 bytes
Incoming Request - Path: /system_usage, Method: GET, Data Size: 0 bytes
Outgoing Response - Path: /system_usage, Method: GET, Status: 200, Data Size: 155 bytes
Incoming Request - Path: /system_usage, Method: GET, Data Size: 0 bytes
Outgoing Response - Path: /system_usage, Method: GET, Status: 200, Data Size: 155 bytes
Incoming Request - Path: /system_usage, Method: GET, Data Size: 0 bytes
Outgoing Response - Path: /system_usage, Method: GET, Status: 200, Data Size: 155 bytes
Incoming Request - Path: /system_usage, Method: GET, Data Size: 0 bytes
Outgoing Response - Path: /system_usage, Method: GET, Status: 200, Data Size: 155 bytes
Incoming Request - Path: /system_usage, Method: GET, Data Size: 0 bytes
Outgoing Response - Path: /system_usage, Method: GET, Status: 200, Data Size: 155 bytes
Incoming Request - Path: /system_usage, Method: GET, Data Size: 0 bytes
Outgoing Response - Path: /system_usage, Method: GET, Status: 200, Data Size: 155 bytes
Incoming Request - Path: /system_usage, Method: GET, Data Size: 0 bytes
Outgoing Response - Path: /system_usage, Method: GET, Status: 200, Data Size: 155 bytes
Incoming Request - Path: /system_usage, Method: GET, Data Size: 0 bytes
Outgoing Response - Path: /system_usage, Method: GET, Status: 200, Data Size: 155 bytes
Incoming Request - Path: /system_usage, Method: GET, Data Size: 0 bytes
Outgoing Response - Path: /system_usage, Method: GET, Status: 200, Data Size: 155 bytes
Incoming Request - Path: /system_usage, Method: GET, Data Size: 0 bytes
Outgoing Response - Path: /system_usage, Method: GET, Status: 200, Data Size: 155 bytes
Incoming Request - Path: /system_usage, Method: GET, Data Size: 0 bytes
Outgoing Response - Path: /system_usage, Method: GET, Status: 200, Data Size: 155 bytes
Incoming Request - Path: /system_usage, Method: GET, Data Size: 0 bytes
Outgoing Response - Path: /system_usage, Method: GET, Status: 200, Data Size: 155 bytes
Incoming Request - Path: /system_usage, Method: GET, Data Size: 0 bytes
Outgoing Response - Path: /system_usage, Method: GET, Status: 200, Data Size: 156 bytes
Incoming Request - Path: /system_usage, Method: GET, Data Size: 0 bytes
Outgoing Response - Path: /system_usage, Method: GET, Status: 200, Data Size: 155 bytes
Incoming Request - Path: /system_usage, Method: GET, Data Size: 0 bytes
Outgoing Response - Path: /system_usage, Method: GET, Status: 200, Data Size: 156 bytes
Incoming Request - Path: /system_usage, Method: GET, Data Size: 0 bytes
Outgoing Response - Path: /system_usage, Method: GET, Status: 200, Data Size: 155 bytes
Incoming Request - Path: /system_usage, Method: GET, Data Size: 0 bytes
Outgoing Response - Path: /system_usage, Method: GET, Status: 200, Data Size: 156 bytes
Incoming Request - Path: /system_usage, Method: GET, Data Size: 0 bytes
Outgoing Response - Path: /system_usage, Method: GET, Status: 200, Data Size: 155 bytes
Incoming Request - Path: /system_usage, Method: GET, Data Size: 0 bytes
Outgoing Response - Path: /system_usage, Method: GET, Status: 200, Data Size: 156 bytes
Incoming Request - Path: /system_usage, Method: GET, Data Size: 0 bytes
Outgoing Response - Path: /system_usage, Method: GET, Status: 200, Data Size: 156 bytes
Incoming Request - Path: /system_usage, Method: GET, Data Size: 0 bytes
Outgoing Response - Path: /system_usage, Method: GET, Status: 200, Data Size: 156 bytes
Incoming Request - Path: /system_usage, Method: GET, Data Size: 0 bytes
Outgoing Response - Path: /system_usage, Method: GET, Status: 200, Data Size: 156 bytes
Incoming Request - Path: /system_usage, Method: GET, Data Size: 0 bytes
Outgoing Response - Path: /system_usage, Method: GET, Status: 200, Data Size: 156 bytes
Incoming Request - Path: /system_usage, Method: GET, Data Size: 0 bytes
Outgoing Response - Path: /system_usage, Method: GET, Status: 200, Data Size: 156 bytes
Incoming Request - Path: /system_usage, Method: GET, Data Size: 0 bytes
Outgoing Response - Path: /system_usage, Method: GET, Status: 200, Data Size: 156 bytes
Incoming Request - Path: /system_usage, Method: GET, Data Size: 0 bytes
Outgoing Response - Path: /system_usage, Method: GET, Status: 200, Data Size: 155 bytes
Incoming Request - Path: /system_usage, Method: GET, Data Size: 0 bytes
Outgoing Response - Path: /system_usage, Method: GET, Status: 200, Data Size: 156 bytes
Incoming Request - Path: /system_usage, Method: GET, Data Size: 0 bytes
Outgoing Response - Path: /system_usage, Method: GET, Status: 200, Data Size: 155 bytes
Incoming Request - Path: /system_usage, Method: GET, Data Size: 0 bytes
Outgoing Response - Path: /system_usage, Method: GET, Status: 200, Data Size: 156 bytes
Incoming Request - Path: /system_usage, Method: GET, Data Size: 0 bytes
Outgoing Response - Path: /system_usage, Method: GET, Status: 200, Data Size: 156 bytes
Incoming Request - Path: /system_usage, Method: GET, Data Size: 0 bytes
Outgoing Response - Path: /system_usage, Method: GET, Status: 200, Data Size: 156 bytes
Incoming Request - Path: /system_usage, Method: GET, Data Size: 0 bytes
Outgoing Response - Path: /system_usage, Method: GET, Status: 200, Data Size: 156 bytes
Incoming Request - Path: /system_usage, Method: GET, Data Size: 0 bytes
Outgoing Response - Path: /system_usage, Method: GET, Status: 200, Data Size: 156 bytes
Incoming Request - Path: /system_usage, Method: GET, Data Size: 0 bytes
Outgoing Response - Path: /system_usage, Method: GET, Status: 200, Data Size: 156 bytes
Incoming Request - Path: /system_usage, Method: GET, Data Size: 0 bytes
Outgoing Response - Path: /system_usage, Method: GET, Status: 200, Data Size: 156 bytes
Incoming Request - Path: /system_usage, Method: GET, Data Size: 0 bytes
Outgoing Response - Path: /system_usage, Method: GET, Status: 200, Data Size: 156 bytes
Incoming Request - Path: /system_usage, Method: GET, Data Size: 0 bytes
Outgoing Response - Path: /system_usage, Method: GET, Status: 200, Data Size: 156 bytes
Incoming Request - Path: /system_usage, Method: GET, Data Size: 0 bytes
Outgoing Response - Path: /system_usage, Method: GET, Status: 200, Data Size: 155 bytes
Incoming Request - Path: /system_usage, Method: GET, Data Size: 0 bytes
Outgoing Response - Path: /system_usage, Method: GET, Status: 200, Data Size: 156 bytes
Incoming Request - Path: /system_usage, Method: GET, Data Size: 0 bytes
Outgoing Response - Path: /system_usage, Method: GET, Status: 200, Data Size: 155 bytes
Incoming Request - Path: /system_usage, Method: GET, Data Size: 0 bytes
Outgoing Response - Path: /system_usage, Method: GET, Status: 200, Data Size: 156 bytes
Incoming Request - Path: /system_usage, Method: GET, Data Size: 0 bytes
Incoming Request - Path: /system_usage, Method: GET, Data Size: 0 bytes
Outgoing Response - Path: /system_usage, Method: GET, Status: 200, Data Size: 155 bytes
Outgoing Response - Path: /system_usage, Method: GET, Status: 200, Data Size: 156 bytes
Incoming Request - Path: /system_usage, Method: GET, Data Size: 0 bytes
Outgoing Response - Path: /system_usage, Method: GET, Status: 200, Data Size: 155 bytes
Incoming Request - Path: /system_usage, Method: GET, Data Size: 0 bytes
Outgoing Response - Path: /system_usage, Method: GET, Status: 200, Data Size: 156 bytes
Incoming Request - Path: /system_usage, Method: GET, Data Size: 0 bytes
Outgoing Response - Path: /system_usage, Method: GET, Status: 200, Data Size: 156 bytes
Incoming Request - Path: /system_usage, Method: GET, Data Size: 0 bytes
Outgoing Response - Path: /system_usage, Method: GET, Status: 200, Data Size: 156 bytes
Incoming Request - Path: /system_usage, Method: GET, Data Size: 0 bytes
Outgoing Response - Path: /system_usage, Method: GET, Status: 200, Data Size: 155 bytes
Incoming Request - Path: /system_usage, Method: GET, Data Size: 0 bytes
Outgoing Response - Path: /system_usage, Method: GET, Status: 200, Data Size: 156 bytes
Incoming Request - Path: /system_usage, Method: GET, Data Size: 0 bytes
Outgoing Response - Path: /system_usage, Method: GET, Status: 200, Data Size: 155 bytes
Incoming Request - Path: /system_usage, Method: GET, Data Size: 0 bytes
Outgoing Response - Path: /system_usage, Method: GET, Status: 200, Data Size: 156 bytes
Incoming Request - Path: /system_usage, Method: GET, Data Size: 0 bytes
Outgoing Response - Path: /system_usage, Method: GET, Status: 200, Data Size: 155 bytes
Incoming Request - Path: /system_usage, Method: GET, Data Size: 0 bytes
Outgoing Response - Path: /system_usage, Method: GET, Status: 200, Data Size: 156 bytes
Incoming Request - Path: /system_usage, Method: GET, Data Size: 0 bytes
Outgoing Response - Path: /system_usage, Method: GET, Status: 200, Data Size: 156 bytes
Incoming Request - Path: /system_usage, Method: GET, Data Size: 0 bytes
Outgoing Response - Path: /system_usage, Method: GET, Status: 200, Data Size: 155 bytes
Incoming Request - Path: /system_usage, Method: GET, Data Size: 0 bytes
Outgoing Response - Path: /system_usage, Method: GET, Status: 200, Data Size: 156 bytes
Incoming Request - Path: /system_usage, Method: GET, Data Size: 0 bytes
Outgoing Response - Path: /system_usage, Method: GET, Status: 200, Data Size: 156 bytes
Incoming Request - Path: /system_usage, Method: GET, Data Size: 0 bytes
Outgoing Response - Path: /system_usage, Method: GET, Status: 200, Data Size: 156 bytes
Incoming Request - Path: /system_usage, Method: GET, Data Size: 0 bytes
Outgoing Response - Path: /system_usage, Method: GET, Status: 200, Data Size: 156 bytes
Incoming Request - Path: /system_usage, Method: GET, Data Size: 0 bytes
Outgoing Response - Path: /system_usage, Method: GET, Status: 200, Data Size: 156 bytes
Incoming Request - Path: /system_usage, Method: GET, Data Size: 0 bytes
Outgoing Response - Path: /system_usage, Method: GET, Status: 200, Data Size: 156 bytes
Incoming Request - Path: /system_usage, Method: GET, Data Size: 0 bytes
Outgoing Response - Path: /system_usage, Method: GET, Status: 200, Data Size: 156 bytes
Incoming Request - Path: /system_usage, Method: GET, Data Size: 0 bytes
Outgoing Response - Path: /system_usage, Method: GET, Status: 200, Data Size: 155 bytes
Incoming Request - Path: /system_usage, Method: GET, Data Size: 0 bytes
Outgoing Response - Path: /system_usage, Method: GET, Status: 200, Data Size: 156 bytes
Incoming Request - Path: /system_usage, Method: GET, Data Size: 0 bytes
Outgoing Response - Path: /system_usage, Method: GET, Status: 200, Data Size: 156 bytes
Incoming Request - Path: /system_usage, Method: GET, Data Size: 0 bytes
Outgoing Response - Path: /system_usage, Method: GET, Status: 200, Data Size: 156 bytes
Incoming Request - Path: /system_usage, Method: GET, Data Size: 0 bytes
Outgoing Response - Path: /system_usage, Method: GET, Status: 200, Data Size: 155 bytes
Incoming Request - Path: /system_usage, Method: GET, Data Size: 0 bytes
Outgoing Response - Path: /system_usage, Method: GET, Status: 200, Data Size: 156 bytes
Incoming Request - Path: /system_usage, Method: GET, Data Size: 0 bytes
Outgoing Response - Path: /system_usage, Method: GET, Status: 200, Data Size: 156 bytes
Incoming Request - Path: /system_usage, Method: GET, Data Size: 0 bytes
Outgoing Response - Path: /system_usage, Method: GET, Status: 200, Data Size: 156 bytes
Incoming Request - Path: /system_usage, Method: GET, Data Size: 0 bytes
Outgoing Response - Path: /system_usage, Method: GET, Status: 200, Data Size: 155 bytes
Incoming Request - Path: /system_usage, Method: GET, Data Size: 0 bytes
Outgoing Response - Path: /system_usage, Method: GET, Status: 200, Data Size: 156 bytes
Incoming Request - Path: /system_usage, Method: GET, Data Size: 0 bytes
Outgoing Response - Path: /system_usage, Method: GET, Status: 200, Data Size: 156 bytes
Incoming Request - Path: /system_usage, Method: GET, Data Size: 0 bytes
Outgoing Response - Path: /system_usage, Method: GET, Status: 200, Data Size: 156 bytes
Incoming Request - Path: /system_usage, Method: GET, Data Size: 0 bytes
Outgoing Response - Path: /system_usage, Method: GET, Status: 200, Data Size: 156 bytes
Incoming Request - Path: /system_usage, Method: GET, Data Size: 0 bytes
Outgoing Response - Path: /system_usage, Method: GET, Status: 200, Data Size: 156 bytes
Incoming Request - Path: /system_usage, Method: GET, Data Size: 0 bytes
Outgoing Response - Path: /system_usage, Method: GET, Status: 200, Data Size: 156 bytes
Incoming Request - Path: /system_usage, Method: GET, Data Size: 0 bytes
Outgoing Response - Path: /system_usage, Method: GET, Status: 200, Data Size: 156 bytes
Incoming Request - Path: /system_usage, Method: GET, Data Size: 0 bytes
Outgoing Response - Path: /system_usage, Method: GET, Status: 200, Data Size: 156 bytes
Incoming Request - Path: /system_usage, Method: GET, Data Size: 0 bytes
Incoming Request - Path: /system_usage, Method: GET, Data Size: 0 bytes
Outgoing Response - Path: /system_usage, Method: GET, Status: 200, Data Size: 156 bytes
Incoming Request - Path: /system_usage, Method: GET, Data Size: 0 bytes
Outgoing Response - Path: /system_usage, Method: GET, Status: 200, Data Size: 156 bytes
Incoming Request - Path: /system_usage, Method: GET, Data Size: 0 bytes
Outgoing Response - Path: /system_usage, Method: GET, Status: 200, Data Size: 156 bytes
Incoming Request - Path: /system_usage, Method: GET, Data Size: 0 bytes
Outgoing Response - Path: /system_usage, Method: GET, Status: 200, Data Size: 156 bytes
Incoming Request - Path: /admin/git_pull, Method: POST, Data Size: 0 bytes
Incoming Request - Path: /system_usage, Method: GET, Data Size: 0 bytes
Outgoing Response - Path: /admin/git_pull, Method: POST, Status: 200, Data Size: 59 bytes
Outgoing Response - Path: /system_usage, Method: GET, Status: 200, Data Size: 156 bytes
Incoming Request - Path: /system_usage, Method: GET, Data Size: 0 bytes
Outgoing Response - Path: /system_usage, Method: GET, Status: 200, Data Size: 156 bytes
Incoming Request - Path: /system_usage, Method: GET, Data Size: 0 bytes
Outgoing Response - Path: /system_usage, Method: GET, Status: 200, Data Size: 156 bytes
Incoming Request - Path: /system_usage, Method: GET, Data Size: 0 bytes
Outgoing Response - Path: /system_usage, Method: GET, Status: 200, Data Size: 156 bytes
Incoming Request - Path: /system_usage, Method: GET, Data Size: 0 bytes
Outgoing Response - Path: /system_usage, Method: GET, Status: 200, Data Size: 156 bytes
Incoming Request - Path: /system_usage, Method: GET, Data Size: 0 bytes
Outgoing Response - Path: /system_usage, Method: GET, Status: 200, Data Size: 156 bytes
Incoming Request - Path: /system_usage, Method: GET, Data Size: 0 bytes
Outgoing Response - Path: /system_usage, Method: GET, Status: 200, Data Size: 156 bytes
Incoming Request - Path: /system_usage, Method: GET, Data Size: 0 bytes
Outgoing Response - Path: /system_usage, Method: GET, Status: 200, Data Size: 156 bytes
Incoming Request - Path: /system_usage, Method: GET, Data Size: 0 bytes
Outgoing Response - Path: /system_usage, Method: GET, Status: 200, Data Size: 156 bytes
Incoming Request - Path: /system_usage, Method: GET, Data Size: 0 bytes
Outgoing Response - Path: /system_usage, Method: GET, Status: 200, Data Size: 156 bytes
